<?xml version="1.0" encoding="UTF-8"?>
<testng-results ignored="0" total="1" passed="1" failed="0" skipped="0">
  <reporter-output>
  </reporter-output>
  <suite started-at="2024-05-01T16:02:06 IST" name="Default suite" finished-at="2024-05-01T16:02:14 IST" duration-ms="7777">
    <groups>
    </groups>
    <test started-at="2024-05-01T16:02:06 IST" name="Default test" finished-at="2024-05-01T16:02:14 IST" duration-ms="7777">
      <class name="actualTC.VerifyTitleofHomepage">
        <test-method is-config="true" signature="bsconfig()[pri:0, instance:actualTC.VerifyTitleofHomepage@436813f3]" started-at="2024-05-01T16:02:06 IST" name="bsconfig" finished-at="2024-05-01T16:02:06 IST" duration-ms="8" status="PASS">
          <reporter-output>
          </reporter-output>
        </test-method> <!-- bsconfig -->
        <test-method is-config="true" signature="bcconfig()[pri:0, instance:actualTC.VerifyTitleofHomepage@436813f3]" started-at="2024-05-01T16:02:06 IST" name="bcconfig" finished-at="2024-05-01T16:02:12 IST" duration-ms="5737" status="PASS">
          <reporter-output>
          </reporter-output>
        </test-method> <!-- bcconfig -->
        <test-method is-config="true" signature="bmconfig()[pri:0, instance:actualTC.VerifyTitleofHomepage@436813f3]" started-at="2024-05-01T16:02:12 IST" name="bmconfig" finished-at="2024-05-01T16:02:13 IST" duration-ms="683" status="PASS">
          <reporter-output>
          </reporter-output>
        </test-method> <!-- bmconfig -->
        <test-method signature="TC()[pri:0, instance:actualTC.VerifyTitleofHomepage@436813f3]" started-at="2024-05-01T16:02:13 IST" name="TC" finished-at="2024-05-01T16:02:13 IST" duration-ms="15" status="PASS">
          <reporter-output>
          </reporter-output>
        </test-method> <!-- TC -->
        <test-method is-config="true" signature="amconfig()[pri:0, instance:actualTC.VerifyTitleofHomepage@436813f3]" started-at="2024-05-01T16:02:13 IST" name="amconfig" finished-at="2024-05-01T16:02:13 IST" duration-ms="1" status="PASS">
          <reporter-output>
          </reporter-output>
        </test-method> <!-- amconfig -->
        <test-method is-config="true" signature="terDown()[pri:0, instance:actualTC.VerifyTitleofHomepage@436813f3]" started-at="2024-05-01T16:02:13 IST" name="terDown" finished-at="2024-05-01T16:02:14 IST" duration-ms="1308" status="PASS">
          <reporter-output>
          </reporter-output>
        </test-method> <!-- terDown -->
        <test-method is-config="true" signature="asconfig()[pri:0, instance:actualTC.VerifyTitleofHomepage@436813f3]" started-at="2024-05-01T16:02:14 IST" name="asconfig" finished-at="2024-05-01T16:02:14 IST" duration-ms="0" status="PASS">
          <reporter-output>
          </reporter-output>
        </test-method> <!-- asconfig -->
      </class> <!-- actualTC.VerifyTitleofHomepage -->
    </test> <!-- Default test -->
  </suite> <!-- Default suite -->
</testng-results>
